GROUP,PACKAGE,CLASS,INSTRUCTION_MISSED,INSTRUCTION_COVERED,BRANCH_MISSED,BRANCH_COVERED,LINE_MISSED,LINE_COVERED,COMPLEXITY_MISSED,COMPLEXITY_COVERED,METHOD_MISSED,METHOD_COVERED
Kaddem,com.esprit.kaddem.restcontrollers,UniversiteRestController,51,20,0,0,12,7,3,3,3,3
Kaddem,com.esprit.kaddem.restcontrollers.dtos,UniversiteDTO,10,0,0,0,4,0,3,0,3,0
Kaddem,com.esprit.kaddem,CorsConfig,0,42,0,0,0,12,0,2,0,2
Kaddem,com.esprit.kaddem,KaddemApplication,5,110,0,0,2,15,1,3,1,3
Kaddem,com.esprit.kaddem.entities,Universite,8,18,0,0,3,7,2,4,2,4
Kaddem,com.esprit.kaddem.services,UniversiteServiceImpl,8,35,1,1,2,10,2,5,1,5
